<?xml version="1.0" encoding="utf-8"?><testsuites name="pytest tests"><testsuite name="pytest" errors="0" failures="0" skipped="0" tests="42" time="2.614" timestamp="2026-08-31T14:35:49.901546+02:00" hostname="LAPTOP-6KEQIGON"><testcase classname="tests.test_block5_artifacts" name="test_block5_frozen_sar_artifact_matches_immutable_block4" time="0.004" /><testcase classname="tests.test_block5_artifacts" name="test_complete_ndbc_spectrum_and_two_requested_frequencies" time="0.015" /><testcase classname="tests.test_block5_artifacts" name="test_block5_sensitivity_is_sar_only_and_not_a_dwell_sweep" time="0.013" /><testcase classname="tests.test_block5_artifacts" name="test_dispersion_artifact_remains_diagnostic_only" time="0.002" /><testcase classname="tests.test_block6_artifacts" name="test_frozen_value_is_reproduced_without_retuning" time="0.011" /><testcase classname="tests.test_block6_artifacts" name="test_csv_contains_required_fields_and_only_coherent_rows" time="0.014" /><testcase classname="tests.test_block6_artifacts" name="test_npz_masks_and_conjugate_antisymmetry" time="0.032" /><testcase classname="tests.test_block6_artifacts" name="test_orientation_result_does_not_treat_bias_as_constant" time="0.001" /><testcase classname="tests.test_block6_artifacts" name="test_theory_scaling_and_duration_guardrails" time="0.001" /><testcase classname="tests.test_block7_artifacts" name="test_block7_geolocation_support_and_formed_arrays" time="0.015" /><testcase classname="tests.test_block7_artifacts" name="test_block7_science_gate_and_frozen_guardrails" time="0.034" /><testcase classname="tests.test_phase_slope_map" name="test_local_map_recovers_cross_spectrum_sign_and_rate" time="0.006" /><testcase classname="tests.test_phase_slope_map" name="test_hermitian_pair_has_opposite_phase_slope" time="0.004" /><testcase classname="tests.test_phase_slope_map" name="test_independent_anchor_coherence_rejects_patch_decorrelation" time="0.005" /><testcase classname="tests.test_phase_slope_map" name="test_quasi_linear_two_direction_phase_derivative_formula" time="0.001" /><testcase classname="tests.test_physical_identification" name="test_dispersion_required_depth_for_frozen_wavelength_and_periods" time="0.001" /><testcase classname="tests.test_physical_identification" name="test_osw_quasi_linear_directional_phase_sign_and_balance" time="0.001" /><testcase classname="tests.test_physical_identification" name="test_osw_analytic_zero_lag_slope_matches_finite_difference" time="0.001" /><testcase classname="tests.test_physical_identification" name="test_ndbc_directional_distribution_normalization" time="0.002" /><testcase classname="tests.test_physical_identification" name="test_frequency_bin_edges_and_direction_conventions" time="0.001" /><testcase classname="tests.test_subaperture.Test01FftIfftRoundTripAndSign" name="test_round_trip_near_floating_point[-1-shape0-0]" time="0.004" /><testcase classname="tests.test_subaperture.Test01FftIfftRoundTripAndSign" name="test_round_trip_near_floating_point[-1-shape1-1]" time="0.002" /><testcase classname="tests.test_subaperture.Test01FftIfftRoundTripAndSign" name="test_round_trip_near_floating_point[1-shape0-0]" time="0.002" /><testcase classname="tests.test_subaperture.Test01FftIfftRoundTripAndSign" name="test_round_trip_near_floating_point[1-shape1-1]" time="0.001" /><testcase classname="tests.test_subaperture.Test01FftIfftRoundTripAndSign" name="test_col_sgn_minus_one_selects_fft_not_ifft" time="0.001" /><testcase classname="tests.test_subaperture.Test01FftIfftRoundTripAndSign" name="test_implementation_matches_sarpy_fft_sicd_for_actual_col_sgn" time="0.077" /><testcase classname="tests.test_subaperture.Test02SplitRecombineAndWindows" name="test_rectangular_partition_recombines_exactly" time="0.012" /><testcase classname="tests.test_subaperture.Test02SplitRecombineAndWindows" name="test_rectangular_and_tukey_metrics_and_energy_normalization" time="0.001" /><testcase classname="tests.test_subaperture.Test02SplitRecombineAndWindows" name="test_sublook_metadata_records_native_sva_without_blocking" time="0.010" /><testcase classname="tests.test_subaperture.Test03AxisSelection" name="test_actual_rgaizim_metadata_resolves_row_range_col_azimuth" time="0.012" /><testcase classname="tests.test_subaperture.Test03AxisSelection" name="test_known_modulation_is_selected_only_on_azimuth_axis" time="0.011" /><testcase classname="tests.test_subaperture.Test03AxisSelection" name="test_non_rgazim_metadata_is_rejected" time="0.001" /><testcase classname="tests.test_subaperture.Test04BandLocationAndDurationSeparation" name="test_known_tone_reaches_expected_shifted_doppler_band[-47]" time="0.001" /><testcase classname="tests.test_subaperture.Test04BandLocationAndDurationSeparation" name="test_known_tone_reaches_expected_shifted_doppler_band[47]" time="0.001" /><testcase classname="tests.test_subaperture.Test04BandLocationAndDurationSeparation" name="test_wrong_ifft_reverses_positive_negative_band_order" time="0.001" /><testcase classname="tests.test_subaperture.Test04BandLocationAndDurationSeparation" name="test_actual_sicd_support_six_second_plan_and_distinct_durations" time="0.015" /><testcase classname="tests.test_subaperture.Test04BandLocationAndDurationSeparation" name="test_explicit_overlap_produces_ordered_overlapping_bands" time="0.016" /><testcase classname="tests.test_subaperture.Test05CrossSpectrumPhaseSign" name="test_known_intensity_wave_phase_is_positive_at_positive_peak" time="0.004" /><testcase classname="tests.test_subaperture.Test05CrossSpectrumPhaseSign" name="test_col_sgn_minus_one_end_to_end_band_order_and_cross_phase" time="0.003" /><testcase classname="tests.test_wave_analysis" name="test_wavevector_wavelength_and_three_look_stability" time="0.033" /><testcase classname="tests.test_wave_analysis" name="test_phase_correlation_sign_ramp_and_shift_closure" time="0.005" /><testcase classname="tests.test_wave_analysis" name="test_fixed_patch_temporal_phase_sign_unwrap_and_rate" time="0.003" /></testsuite></testsuites>